c:\users\family\desktop\orangeengine\orangeengine\release\vc141.pdb
c:\users\family\desktop\orangeengine\orangeengine\release\window.obj
c:\users\family\desktop\orangeengine\orangeengine\release\texturemanager.obj
c:\users\family\desktop\orangeengine\orangeengine\release\imgui_widgets.obj
c:\users\family\desktop\orangeengine\orangeengine\release\imgui_draw.obj
c:\users\family\desktop\orangeengine\orangeengine\release\imgui_demo.obj
c:\users\family\desktop\orangeengine\orangeengine\release\imgui.obj
c:\users\family\desktop\orangeengine\orangeengine\release\imgui-sfml.obj
c:\users\family\desktop\orangeengine\orangeengine\release\orangeengine.obj
c:\users\family\desktop\orangeengine\orangeengine\release\main.obj
c:\users\family\desktop\orangeengine\orangeengine\release\sfmldebugdraw.obj
c:\users\family\desktop\orangeengine\release\orangeengine.pdb
c:\users\family\desktop\orangeengine\orangeengine\release\orangeengine.tlog\cl.command.1.tlog
c:\users\family\desktop\orangeengine\orangeengine\release\orangeengine.tlog\cl.read.1.tlog
c:\users\family\desktop\orangeengine\orangeengine\release\orangeengine.tlog\cl.write.1.tlog
c:\users\family\desktop\orangeengine\orangeengine\release\orangeengine.tlog\link-cvtres.read.1.tlog
c:\users\family\desktop\orangeengine\orangeengine\release\orangeengine.tlog\link-cvtres.write.1.tlog
c:\users\family\desktop\orangeengine\orangeengine\release\orangeengine.tlog\link-rc.read.1.tlog
c:\users\family\desktop\orangeengine\orangeengine\release\orangeengine.tlog\link-rc.write.1.tlog
c:\users\family\desktop\orangeengine\orangeengine\release\orangeengine.tlog\link.command.1.tlog
c:\users\family\desktop\orangeengine\orangeengine\release\orangeengine.tlog\link.read.1.tlog
c:\users\family\desktop\orangeengine\orangeengine\release\orangeengine.tlog\link.write.1.tlog
