  AnimationComponent.cpp
c:\users\family\documents\gameengine\orangeengine\orangeengine\include\component\animationcomponent.cpp(7): warning C4244: 'initializing': conversion from 'int' to 'float', possible loss of data
  AnimatorComponent.cpp
  Command.cpp
  InputComponent.cpp
c:\users\family\documents\gameengine\orangeengine\orangeengine\include\component\inputcomponent.cpp(33): warning C4101: 'e': unreferenced local variable
  PhysicsComponent.cpp
  ScriptComponent.cpp
c:\users\family\documents\gameengine\orangeengine\orangeengine\librarypath\luaplus\luapluscd.h(1136): error C2664: 'void (P1)': cannot convert argument 1 from 'const char *' to 'P1'
          with
          [
              P1=char *
          ]
  c:\users\family\documents\gameengine\orangeengine\orangeengine\librarypath\luaplus\luapluscd.h(1137): note: Conversion loses qualifiers
  c:\users\family\documents\gameengine\orangeengine\orangeengine\librarypath\luaplus\luapluscd.h(1616): note: see reference to function template instantiation 'int LPCD::ReturnSpecialization<void>::Call<Callee,P1>(Callee &,void (__thiscall ScriptComponent::* )(P1),lua_State *,int)' being compiled
          with
          [
              Callee=ScriptComponent,
              P1=char *
          ]
  c:\users\family\documents\gameengine\orangeengine\orangeengine\librarypath\luaplus\luapluscd.h(1770): note: see reference to function template instantiation 'int LPCD::Call<Callee,void,char*>(Callee &,RT (__thiscall ScriptComponent::* )(P1),lua_State *,int)' being compiled
          with
          [
              Callee=ScriptComponent,
              RT=void,
              P1=char *
          ]
  c:\users\family\documents\gameengine\orangeengine\orangeengine\librarypath\luaplus\luapluscd.h(1768): note: while compiling class template member function 'int LPCD::DirectCallMemberDispatcherHelper<Callee,Func>::DirectCallMemberDispatcher(lua_State *)'
          with
          [
              Callee=ScriptComponent,
              Func=void (__thiscall ScriptComponent::* )(char *)
          ]
  c:\users\family\documents\gameengine\orangeengine\orangeengine\librarypath\luaplus\luaobject.h(284): note: see reference to function template instantiation 'int LPCD::DirectCallMemberDispatcherHelper<Callee,Func>::DirectCallMemberDispatcher(lua_State *)' being compiled
          with
          [
              Callee=ScriptComponent,
              Func=void (__thiscall ScriptComponent::* )(char *)
          ]
  c:\users\family\documents\gameengine\orangeengine\orangeengine\librarypath\luaplus\luaobject.h(284): note: see reference to class template instantiation 'LPCD::DirectCallMemberDispatcherHelper<Callee,Func>' being compiled
          with
          [
              Callee=ScriptComponent,
              Func=void (__thiscall ScriptComponent::* )(char *)
          ]
  c:\users\family\documents\gameengine\orangeengine\orangeengine\include\component\scriptcomponent.cpp(11): note: see reference to function template instantiation 'LuaPlus::LuaObject &LuaPlus::LuaObject::RegisterDirect<ScriptComponent,void(__thiscall ScriptComponent::* )(char *)>(const char *,const Callee &,Func,unsigned int)' being compiled
          with
          [
              Callee=ScriptComponent,
              Func=void (__thiscall ScriptComponent::* )(char *)
          ]
  SoundComponent.cpp
  SpriteComponent.cpp
  Main.cpp
  OrangeEngine.cpp
c:\users\family\documents\gameengine\orangeengine\orangeengine\include\game\orangeengine.cpp(12): warning C4244: 'argument': conversion from 'time_t' to 'unsigned int', possible loss of data
c:\users\family\documents\gameengine\orangeengine\orangeengine\include\game\orangeengine.cpp(52): warning C4244: 'argument': conversion from 'const float' to 'unsigned int', possible loss of data
c:\users\family\documents\gameengine\orangeengine\orangeengine\include\game\orangeengine.cpp(60): warning C4018: '<': signed/unsigned mismatch
  ComponentManager.cpp
  Generating Code...
c:\users\family\documents\gameengine\orangeengine\orangeengine\include\component\animatorcomponent.cpp(38): warning C4715: 'AnimatorComponent::GetAnimation': not all control paths return a value
