  PhysicsCollisionListener.cpp
c:\users\lucianz\documents\github\gameengine\orangeengine\orangeengine\include\collision\physicscollisionlistener.h(6): fatal error C1083: Cannot open include file: 'Box2D/Box2D.h': No such file or directory
  AnimationComponent.cpp
c:\users\lucianz\documents\github\gameengine\orangeengine\orangeengine\include\utility\util.h(9): fatal error C1083: Cannot open include file: 'Box2D/Box2D.h': No such file or directory
  AnimatorComponent.cpp
c:\users\lucianz\documents\github\gameengine\orangeengine\orangeengine\include\utility\util.h(9): fatal error C1083: Cannot open include file: 'Box2D/Box2D.h': No such file or directory
  Command.cpp
c:\users\lucianz\documents\github\gameengine\orangeengine\orangeengine\include\utility\util.h(9): fatal error C1083: Cannot open include file: 'Box2D/Box2D.h': No such file or directory
  InputComponent.cpp
c:\users\lucianz\documents\github\gameengine\orangeengine\orangeengine\include\utility\util.h(9): fatal error C1083: Cannot open include file: 'Box2D/Box2D.h': No such file or directory
  PhysicsComponent.cpp
c:\users\lucianz\documents\github\gameengine\orangeengine\orangeengine\include\utility\util.h(9): fatal error C1083: Cannot open include file: 'Box2D/Box2D.h': No such file or directory
  ScriptComponent.cpp
c:\users\lucianz\documents\github\gameengine\orangeengine\orangeengine\include\utility\util.h(9): fatal error C1083: Cannot open include file: 'Box2D/Box2D.h': No such file or directory
  SoundComponent.cpp
c:\users\lucianz\documents\github\gameengine\orangeengine\orangeengine\include\utility\util.h(9): fatal error C1083: Cannot open include file: 'Box2D/Box2D.h': No such file or directory
  SpriteComponent.cpp
c:\users\lucianz\documents\github\gameengine\orangeengine\orangeengine\include\utility\util.h(9): fatal error C1083: Cannot open include file: 'Box2D/Box2D.h': No such file or directory
  SFMLDebugDraw.cpp
c:\users\lucianz\documents\github\gameengine\orangeengine\orangeengine\include\utility\util.h(9): fatal error C1083: Cannot open include file: 'Box2D/Box2D.h': No such file or directory
  Main.cpp
c:\users\lucianz\documents\github\gameengine\orangeengine\orangeengine\include\game\menu.h(4): fatal error C1083: Cannot open include file: 'imgui.h': No such file or directory
  Menu.cpp
c:\users\lucianz\documents\github\gameengine\orangeengine\orangeengine\include\game\menu.h(4): fatal error C1083: Cannot open include file: 'imgui.h': No such file or directory
  OrangeEngine.cpp
c:\users\lucianz\documents\github\gameengine\orangeengine\orangeengine\include\utility\util.h(9): fatal error C1083: Cannot open include file: 'Box2D/Box2D.h': No such file or directory
  imgui-SFML.cpp
c:\users\lucianz\documents\github\gameengine\orangeengine\orangeengine\include\imgui\imgui-sfml.cpp(417): warning C4312: 'type cast': conversion from 'unsigned int' to 'void *' of greater size
c:\users\lucianz\documents\github\gameengine\orangeengine\orangeengine\include\imgui\imgui-sfml.cpp(489): warning C4312: 'type cast': conversion from 'unsigned int' to 'void *' of greater size
c:\users\lucianz\documents\github\gameengine\orangeengine\orangeengine\include\imgui\imgui-sfml.cpp(505): warning C4312: 'type cast': conversion from 'unsigned int' to 'void *' of greater size
c:\users\lucianz\documents\github\gameengine\orangeengine\orangeengine\include\imgui\imgui-sfml.cpp(697): warning C4312: 'type cast': conversion from 'unsigned int' to 'void *' of greater size
  imgui.cpp
  imgui_demo.cpp
  imgui_draw.cpp
  imgui_widgets.cpp
  ComponentManager.cpp
c:\users\lucianz\documents\github\gameengine\orangeengine\orangeengine\include\utility\util.h(9): fatal error C1083: Cannot open include file: 'Box2D/Box2D.h': No such file or directory
  AssetManager.cpp
  Generating Code...
c:\users\lucianz\documents\github\gameengine\orangeengine\orangeengine\include\manager\assetmanager.cpp(44): warning C4715: 'AssetManager::GetTexture': not all control paths return a value
c:\users\lucianz\documents\github\gameengine\orangeengine\orangeengine\include\manager\assetmanager.cpp(77): warning C4715: 'AssetManager::GetSoundBuffer': not all control paths return a value
  Compiling...
  Window.cpp
c:\users\lucianz\documents\github\gameengine\orangeengine\orangeengine\include\utility\util.h(9): fatal error C1083: Cannot open include file: 'Box2D/Box2D.h': No such file or directory
  Scene1.cpp
c:\users\lucianz\documents\github\gameengine\orangeengine\orangeengine\include\utility\util.h(9): fatal error C1083: Cannot open include file: 'Box2D/Box2D.h': No such file or directory
  object_pool.cpp
  String.cpp
c:\users\lucianz\documents\github\gameengine\orangeengine\orangeengine\include\utility\util.h(9): fatal error C1083: Cannot open include file: 'Box2D/Box2D.h': No such file or directory
  Util.cpp
c:\users\lucianz\documents\github\gameengine\orangeengine\orangeengine\include\utility\util.h(9): fatal error C1083: Cannot open include file: 'Box2D/Box2D.h': No such file or directory
  Generating Code...
